

Microchip MPLAB XC8 Assembler V2.30 build 20200825195618 
                                                                                               Fri Sep 11 17:50:46 2020

Microchip MPLAB XC8 C Compiler v2.30 (Free license) build 20200825195618 Og1 
     1                           	processor	18LF43K22
     2                           	fnconf	rparam,??,?,0
     3                           	pagewidth 120
     4                           	opt	flic
     5                           	psect	cinit,global,reloc=2,class=CODE,delta=1
     6                           	psect	cstackCOMRAM,global,class=COMRAM,space=1,delta=1,lowdata,noexec
     7                           	psect	text0,global,reloc=2,class=CODE,delta=1
     8                           	psect	intsave_regs,global,class=BIGRAM,space=1,delta=1,noexec
     9                           	psect	rparam,global,class=COMRAM,space=1,delta=1,noexec
    10                           	psect	idloc,global,abs,ovrld,class=IDLOC,space=5,delta=1,noexec
    11                           	psect	config,global,abs,ovrld,class=CONFIG,space=4,delta=1,noexec
    12  0000                     
    13                           ; Version 2.20
    14                           ; Generated 05/05/2020 GMT
    15                           ; 
    16                           ; Copyright © 2020, Microchip Technology Inc. and its subsidiaries ("Microchip")
    17                           ; All rights reserved.
    18                           ; 
    19                           ; This software is developed by Microchip Technology Inc. and its subsidiaries ("Microch
      +                          ip").
    20                           ; 
    21                           ; Redistribution and use in source and binary forms, with or without modification, are
    22                           ; permitted provided that the following conditions are met:
    23                           ; 
    24                           ;     1. Redistributions of source code must retain the above copyright notice, this lis
      +                          t of
    25                           ;        conditions and the following disclaimer.
    26                           ; 
    27                           ;     2. Redistributions in binary form must reproduce the above copyright notice, this 
      +                          list
    28                           ;        of conditions and the following disclaimer in the documentation and/or other
    29                           ;        materials provided with the distribution.
    30                           ; 
    31                           ;     3. Microchip's name may not be used to endorse or promote products derived from th
      +                          is
    32                           ;        software without specific prior written permission.
    33                           ; 
    34                           ; THIS SOFTWARE IS PROVIDED BY MICROCHIP "AS IS" AND ANY EXPRESS OR IMPLIED WARRANTIES,
    35                           ; INCLUDING, BUT NOT LIMITED TO, THE IMPLIED WARRANTIES OF MERCHANTABILITY AND FITNESS F
      +                          OR
    36                           ; PURPOSE ARE DISCLAIMED.  IN NO EVENT SHALL MICROCHIP BE LIABLE FOR ANY DIRECT, INDIREC
      +                          T,
    37                           ; INCIDENTAL, SPECIAL, EXEMPLARY, OR CONSEQUENTIAL DAMAGES (INCLUDING BUT NOT LIMITED TO
    38                           ; PROCUREMENT OF SUBSTITUTE GOODS OR SERVICES; LOSS OF USE, DATA OR PROFITS; OR BUSINESS
    39                           ; INTERRUPTION) HOWSOEVER CAUSED AND ON ANY THEORY OF LIABILITY, WHETHER IN CONTRACT, ST
      +                          RICT
    40                           ; LIABILITY, OR TORT (INCLUDING NEGLIGENCE OR OTHERWISE) ARISING IN ANY WAY OUT OF THE U
      +                          SE OF
    41                           ; THIS SOFTWARE, EVEN IF ADVISED OF THE POSSIBILITY OF SUCH DAMAGE.
    42                           ; 
    43                           ; 
    44                           ; Code-generator required, PIC18LF43K22 Definitions
    45                           ; 
    46                           ; SFR Addresses
    47  0000                     _PORTAbits	set	3968
    48  0000                     _OSCCONbits	set	4051
    49  0000                     _TRISAbits	set	3986
    50                           
    51                           ; #config settings
    52                           
    53                           	psect	cinit
    54  001FB2                     __pcinit:
    55                           	callstack 0
    56  001FB2                     start_initialization:
    57                           	callstack 0
    58  001FB2                     __initialization:
    59                           	callstack 0
    60  001FB2                     end_of_initialization:
    61                           	callstack 0
    62  001FB2                     __end_of__initialization:
    63                           	callstack 0
    64  001FB2  0100               	movlb	0
    65  001FB4  EFDC  F00F         	goto	_main	;jump to C main() function
    66                           
    67                           	psect	cstackCOMRAM
    68  000000                     __pcstackCOMRAM:
    69                           	callstack 0
    70  000000                     
    71                           ; 1 bytes @ 0x0
    72 ;;
    73 ;;Main: autosize = 0, tempsize = 0, incstack = 0, save=0
    74 ;;
    75 ;; *************** function _main *****************
    76 ;; Defined at:
    77 ;;		line 73 in file "newmain.c"
    78 ;; Parameters:    Size  Location     Type
    79 ;;		None
    80 ;; Auto vars:     Size  Location     Type
    81 ;;		None
    82 ;; Return value:  Size  Location     Type
    83 ;;                  1    wreg      void 
    84 ;; Registers used:
    85 ;;		wreg, status,2
    86 ;; Tracked objects:
    87 ;;		On entry : 0/0
    88 ;;		On exit  : 0/0
    89 ;;		Unchanged: 0/0
    90 ;; Data sizes:     COMRAM   BANK0   BANK1
    91 ;;      Params:         0       0       0
    92 ;;      Locals:         0       0       0
    93 ;;      Temps:          0       0       0
    94 ;;      Totals:         0       0       0
    95 ;;Total ram usage:        0 bytes
    96 ;; This function calls:
    97 ;;		Nothing
    98 ;; This function is called by:
    99 ;;		Startup code after reset
   100 ;; This function uses a non-reentrant model
   101 ;;
   102                           
   103                           	psect	text0
   104  001FB8                     __ptext0:
   105                           	callstack 0
   106  001FB8                     _main:
   107                           	callstack 31
   108  001FB8                     
   109                           ;newmain.c: 75:     TRISAbits.RA4 = 1;
   110  001FB8  8892               	bsf	146,4,c	;volatile
   111                           
   112                           ;newmain.c: 76:     TRISAbits.RA7 = 0;
   113  001FBA  9E92               	bcf	146,7,c	;volatile
   114                           
   115                           ;newmain.c: 77:     TRISAbits.RA6 = 0;
   116  001FBC  9C92               	bcf	146,6,c	;volatile
   117  001FBE                     
   118                           ;newmain.c: 79:     OSCCONbits.IRCF = 0b110;
   119  001FBE  50D3               	movf	211,w,c	;volatile
   120  001FC0  0B8F               	andlw	-113
   121  001FC2  0960               	iorlw	96
   122  001FC4  6ED3               	movwf	211,c	;volatile
   123  001FC6                     l698:
   124                           
   125                           ;newmain.c: 82:         if (PORTAbits.RA4 == 1){
   126  001FC6  A880               	btfss	128,4,c	;volatile
   127  001FC8  EFE8  F00F         	goto	u11
   128  001FCC  EFEA  F00F         	goto	u10
   129  001FD0                     u11:
   130  001FD0  EFF4  F00F         	goto	l706
   131  001FD4                     u10:
   132  001FD4                     
   133                           ;newmain.c: 83:         PORTAbits.RA7 = 1;
   134  001FD4  8E80               	bsf	128,7,c	;volatile
   135  001FD6                     
   136                           ;newmain.c: 84:         _delay(100);
   137  001FD6  0E21               	movlw	33
   138  001FD8                     u37:
   139  001FD8  2EE8               	decfsz	wreg,f,c
   140  001FDA  D7FE               	bra	u37
   141  001FDC  F000               	nop	
   142  001FDE                     
   143                           ;newmain.c: 85:         PORTAbits.RA7 = 0;
   144  001FDE  9E80               	bcf	128,7,c	;volatile
   145                           
   146                           ;newmain.c: 86:         _delay(100);
   147  001FE0  0E21               	movlw	33
   148  001FE2                     u47:
   149  001FE2  2EE8               	decfsz	wreg,f,c
   150  001FE4  D7FE               	bra	u47
   151  001FE6  F000               	nop	
   152  001FE8                     l706:
   153                           
   154                           ;newmain.c: 88:         if (PORTAbits.RA4 == 0){
   155  001FE8  B880               	btfsc	128,4,c	;volatile
   156  001FEA  EFF9  F00F         	goto	u21
   157  001FEE  EFFB  F00F         	goto	u20
   158  001FF2                     u21:
   159  001FF2  EFE3  F00F         	goto	l698
   160  001FF6                     u20:
   161  001FF6                     
   162                           ;newmain.c: 89:         PORTAbits.RA7 = 0;
   163  001FF6  9E80               	bcf	128,7,c	;volatile
   164  001FF8  EFE3  F00F         	goto	l698
   165  001FFC  EF00  F000         	goto	start
   166  002000                     __end_of_main:
   167                           	callstack 0
   168  0000                     
   169                           	psect	rparam
   170  0000                     
   171                           	psect	idloc
   172                           
   173                           ;Config register IDLOC0 @ 0x200000
   174                           ;	unspecified, using default values
   175  200000                     	org	2097152
   176  200000  FF                 	db	255
   177                           
   178                           ;Config register IDLOC1 @ 0x200001
   179                           ;	unspecified, using default values
   180  200001                     	org	2097153
   181  200001  FF                 	db	255
   182                           
   183                           ;Config register IDLOC2 @ 0x200002
   184                           ;	unspecified, using default values
   185  200002                     	org	2097154
   186  200002  FF                 	db	255
   187                           
   188                           ;Config register IDLOC3 @ 0x200003
   189                           ;	unspecified, using default values
   190  200003                     	org	2097155
   191  200003  FF                 	db	255
   192                           
   193                           ;Config register IDLOC4 @ 0x200004
   194                           ;	unspecified, using default values
   195  200004                     	org	2097156
   196  200004  FF                 	db	255
   197                           
   198                           ;Config register IDLOC5 @ 0x200005
   199                           ;	unspecified, using default values
   200  200005                     	org	2097157
   201  200005  FF                 	db	255
   202                           
   203                           ;Config register IDLOC6 @ 0x200006
   204                           ;	unspecified, using default values
   205  200006                     	org	2097158
   206  200006  FF                 	db	255
   207                           
   208                           ;Config register IDLOC7 @ 0x200007
   209                           ;	unspecified, using default values
   210  200007                     	org	2097159
   211  200007  FF                 	db	255
   212                           
   213                           	psect	config
   214                           
   215                           ; Padding undefined space
   216  300000                     	org	3145728
   217  300000  FF                 	db	255
   218                           
   219                           ;Config register CONFIG1H @ 0x300001
   220                           ;	Oscillator Selection bits
   221                           ;	FOSC = INTIO7, Internal oscillator block, CLKOUT function on OSC2
   222                           ;	4X PLL Enable
   223                           ;	PLLCFG = OFF, Oscillator used directly
   224                           ;	Primary clock enable bit
   225                           ;	PRICLKEN = ON, Primary clock is always enabled
   226                           ;	Fail-Safe Clock Monitor Enable bit
   227                           ;	FCMEN = OFF, Fail-Safe Clock Monitor disabled
   228                           ;	Internal/External Oscillator Switchover bit
   229                           ;	IESO = OFF, Oscillator Switchover mode disabled
   230  300001                     	org	3145729
   231  300001  29                 	db	41
   232                           
   233                           ;Config register CONFIG2L @ 0x300002
   234                           ;	Power-up Timer Enable bit
   235                           ;	PWRTEN = OFF, Power up timer disabled
   236                           ;	Brown-out Reset Enable bits
   237                           ;	BOREN = SBORDIS, Brown-out Reset enabled in hardware only (SBOREN is disabled)
   238                           ;	Brown Out Reset Voltage bits
   239                           ;	BORV = 190, VBOR set to 1.90 V nominal
   240  300002                     	org	3145730
   241  300002  1F                 	db	31
   242                           
   243                           ;Config register CONFIG2H @ 0x300003
   244                           ;	Watchdog Timer Enable bits
   245                           ;	WDTEN = ON, WDT is always enabled. SWDTEN bit has no effect
   246                           ;	Watchdog Timer Postscale Select bits
   247                           ;	WDTPS = 32768, 1:32768
   248  300003                     	org	3145731
   249  300003  3F                 	db	63
   250                           
   251                           ; Padding undefined space
   252  300004                     	org	3145732
   253  300004  FF                 	db	255
   254                           
   255                           ;Config register CONFIG3H @ 0x300005
   256                           ;	CCP2 MUX bit
   257                           ;	CCP2MX = PORTC1, CCP2 input/output is multiplexed with RC1
   258                           ;	PORTB A/D Enable bit
   259                           ;	PBADEN = ON, PORTB<5:0> pins are configured as analog input channels on Reset
   260                           ;	P3A/CCP3 Mux bit
   261                           ;	CCP3MX = PORTB5, P3A/CCP3 input/output is multiplexed with RB5
   262                           ;	HFINTOSC Fast Start-up
   263                           ;	HFOFST = ON, HFINTOSC output and ready status are not delayed by the oscillator stable
      +                           status
   264                           ;	Timer3 Clock input mux bit
   265                           ;	T3CMX = PORTC0, T3CKI is on RC0
   266                           ;	ECCP2 B output mux bit
   267                           ;	P2BMX = PORTD2, P2B is on RD2
   268                           ;	MCLR Pin Enable bit
   269                           ;	MCLRE = EXTMCLR, MCLR pin enabled, RE3 input pin disabled
   270  300005                     	org	3145733
   271  300005  BF                 	db	191
   272                           
   273                           ;Config register CONFIG4L @ 0x300006
   274                           ;	Stack Full/Underflow Reset Enable bit
   275                           ;	STVREN = ON, Stack full/underflow will cause Reset
   276                           ;	Single-Supply ICSP Enable bit
   277                           ;	LVP = ON, Single-Supply ICSP enabled if MCLRE is also 1
   278                           ;	Extended Instruction Set Enable bit
   279                           ;	XINST = OFF, Instruction set extension and Indexed Addressing mode disabled (Legacy mo
      +                          de)
   280                           ;	Background Debug
   281                           ;	DEBUG = 0x1, unprogrammed default
   282  300006                     	org	3145734
   283  300006  85                 	db	133
   284                           
   285                           ; Padding undefined space
   286  300007                     	org	3145735
   287  300007  FF                 	db	255
   288                           
   289                           ;Config register CONFIG5L @ 0x300008
   290                           ;	Code Protection Block 0
   291                           ;	CP0 = OFF, Block 0 (000200-000FFFh) not code-protected
   292                           ;	Code Protection Block 1
   293                           ;	CP1 = OFF, Block 1 (001000-001FFFh) not code-protected
   294  300008                     	org	3145736
   295  300008  03                 	db	3
   296                           
   297                           ;Config register CONFIG5H @ 0x300009
   298                           ;	Boot Block Code Protection bit
   299                           ;	CPB = OFF, Boot block (000000-0001FFh) not code-protected
   300                           ;	Data EEPROM Code Protection bit
   301                           ;	CPD = OFF, Data EEPROM not code-protected
   302  300009                     	org	3145737
   303  300009  C0                 	db	192
   304                           
   305                           ;Config register CONFIG6L @ 0x30000A
   306                           ;	Write Protection Block 0
   307                           ;	WRT0 = OFF, Block 0 (000200-000FFFh) not write-protected
   308                           ;	Write Protection Block 1
   309                           ;	WRT1 = OFF, Block 1 (001000-001FFFh) not write-protected
   310  30000A                     	org	3145738
   311  30000A  03                 	db	3
   312                           
   313                           ;Config register CONFIG6H @ 0x30000B
   314                           ;	Configuration Register Write Protection bit
   315                           ;	WRTC = OFF, Configuration registers (300000-3000FFh) not write-protected
   316                           ;	Boot Block Write Protection bit
   317                           ;	WRTB = OFF, Boot Block (000000-0001FFh) not write-protected
   318                           ;	Data EEPROM Write Protection bit
   319                           ;	WRTD = OFF, Data EEPROM not write-protected
   320  30000B                     	org	3145739
   321  30000B  E0                 	db	224
   322                           
   323                           ;Config register CONFIG7L @ 0x30000C
   324                           ;	Table Read Protection Block 0
   325                           ;	EBTR0 = OFF, Block 0 (000200-000FFFh) not protected from table reads executed in other
      +                           blocks
   326                           ;	Table Read Protection Block 1
   327                           ;	EBTR1 = OFF, Block 1 (001000-001FFFh) not protected from table reads executed in other
      +                           blocks
   328  30000C                     	org	3145740
   329  30000C  03                 	db	3
   330                           
   331                           ;Config register CONFIG7H @ 0x30000D
   332                           ;	Boot Block Table Read Protection bit
   333                           ;	EBTRB = OFF, Boot Block (000000-0001FFh) not protected from table reads executed in ot
      +                          her blocks
   334  30000D                     	org	3145741
   335  30000D  40                 	db	64
   336                           tosu	equ	0xFFF
   337                           tosh	equ	0xFFE
   338                           tosl	equ	0xFFD
   339                           stkptr	equ	0xFFC
   340                           pclatu	equ	0xFFB
   341                           pclath	equ	0xFFA
   342                           pcl	equ	0xFF9
   343                           tblptru	equ	0xFF8
   344                           tblptrh	equ	0xFF7
   345                           tblptrl	equ	0xFF6
   346                           tablat	equ	0xFF5
   347                           prodh	equ	0xFF4
   348                           prodl	equ	0xFF3
   349                           indf0	equ	0xFEF
   350                           postinc0	equ	0xFEE
   351                           postdec0	equ	0xFED
   352                           preinc0	equ	0xFEC
   353                           plusw0	equ	0xFEB
   354                           fsr0h	equ	0xFEA
   355                           fsr0l	equ	0xFE9
   356                           wreg	equ	0xFE8
   357                           indf1	equ	0xFE7
   358                           postinc1	equ	0xFE6
   359                           postdec1	equ	0xFE5
   360                           preinc1	equ	0xFE4
   361                           plusw1	equ	0xFE3
   362                           fsr1h	equ	0xFE2
   363                           fsr1l	equ	0xFE1
   364                           bsr	equ	0xFE0
   365                           indf2	equ	0xFDF
   366                           postinc2	equ	0xFDE
   367                           postdec2	equ	0xFDD
   368                           preinc2	equ	0xFDC
   369                           plusw2	equ	0xFDB
   370                           fsr2h	equ	0xFDA
   371                           fsr2l	equ	0xFD9
   372                           status	equ	0xFD8

Data Sizes:
    Strings     0
    Constant    0
    Data        0
    BSS         0
    Persistent  0
    Stack       0

Auto Spaces:
    Space          Size  Autos    Used
    COMRAM           95      0       0
    BANK0           160      0       0
    BANK1           256      0       0

Pointer List with Targets:

    None.

Critical Paths under _main in COMRAM

    None.

Critical Paths under _main in BANK0

    None.

Critical Paths under _main in BANK1

    None.

Call Graph Tables:

 ---------------------------------------------------------------------------------
 (Depth) Function   	        Calls       Base Space   Used Autos Params    Refs
 ---------------------------------------------------------------------------------
 (0) _main                                                 0     0      0       0
 ---------------------------------------------------------------------------------
 Estimated maximum stack depth 0
 ---------------------------------------------------------------------------------

 Call Graph Graphs:

 _main (ROOT)

 Address spaces:
Name               Size   Autos  Total    Cost      Usage
BITCOMRAM           5F      0       0       0        0.0%
EEDATA             100      0       0       0        0.0%
NULL                 0      0       0       0        0.0%
CODE                 0      0       0       0        0.0%
COMRAM              5F      0       0       1        0.0%
STACK                0      0       0       2        0.0%
BITBANK0            A0      0       0       3        0.0%
BANK0               A0      0       0       4        0.0%
BANK1              100      0       0       5        0.0%
ABS                  0      0       0       6        0.0%
BITBANK1           100      0       0       7        0.0%
BIGRAM             1FF      0       0       8        0.0%
DATA                 0      0       0       9        0.0%
BITSFR_1             0      0       0     200        0.0%
SFR_1                0      0       0     200        0.0%
BITSFR               0      0       0     200        0.0%
SFR                  0      0       0     200        0.0%


Microchip Technology PIC18 Macro Assembler V2.30 build 20200825195618 
Symbol Table                                                                                   Fri Sep 11 17:50:46 2020

                     u10 1FD4                       u11 1FD0                       u20 1FF6  
                     u21 1FF2                       u37 1FD8                       u47 1FE2  
                    l700 1FD4                      l702 1FD6                      l704 1FDE  
                    l706 1FE8                      l708 1FF6                      l694 1FB8  
                    l696 1FBE                      l698 1FC6                      wreg 000FE8  
                   _main 1FB8                     start 0000             ___param_bank 000000  
                  ?_main 0000          __initialization 1FB2             __end_of_main 2000  
                 ??_main 0000            __activetblptr 000000               __accesstop 0060  
__end_of__initialization 1FB2            ___rparam_used 000001           __pcstackCOMRAM 0000  
                __Hparam 0000                  __Lparam 0000                  __pcinit 1FB2  
                __ramtop 0200                  __ptext0 1FB8     end_of_initialization 1FB2  
              _PORTAbits 000F80                _TRISAbits 000F92      start_initialization 1FB2  
               __Hrparam 0000                 __Lrparam 0000            __size_of_main 0048  
             _OSCCONbits 000FD3  
